<?xml version="1.0" encoding="UTF-8"?>
<testng-results ignored="0" total="1" passed="1" failed="0" skipped="0">
  <reporter-output>
  </reporter-output>
  <suite started-at="2023-09-06T09:45:36 IST" name="Default suite" finished-at="2023-09-06T09:45:36 IST" duration-ms="49">
    <groups>
    </groups>
    <test started-at="2023-09-06T09:45:36 IST" name="Default test" finished-at="2023-09-06T09:45:36 IST" duration-ms="49">
      <class name="testcases.practice">
        <test-method signature="read()[pri:0, instance:testcases.practice@5876a9af]" started-at="2023-09-06T09:45:36 IST" name="read" finished-at="2023-09-06T09:45:36 IST" duration-ms="11" status="PASS">
          <reporter-output>
          </reporter-output>
        </test-method> <!-- read -->
      </class> <!-- testcases.practice -->
    </test> <!-- Default test -->
  </suite> <!-- Default suite -->
</testng-results>
