<?xml version="1.0" encoding="UTF-8"?>
<testng-results ignored="0" total="2" passed="2" failed="0" skipped="0">
  <reporter-output>
  </reporter-output>
  <suite started-at="2023-06-18T17:49:52 IST" name="Default suite" finished-at="2023-06-18T17:50:00 IST" duration-ms="8360">
    <groups>
    </groups>
    <test started-at="2023-06-18T17:49:52 IST" name="Default test" finished-at="2023-06-18T17:50:00 IST" duration-ms="8360">
      <class name="testcases.Register">
        <test-method is-config="true" signature="open()[pri:0, instance:testcases.Register@478190fc]" started-at="2023-06-18T17:49:52 IST" name="open" finished-at="2023-06-18T17:49:55 IST" duration-ms="3863" status="PASS">
          <reporter-output>
          </reporter-output>
        </test-method> <!-- open -->
        <test-method signature="registerWithValidCredintials()[pri:1, instance:testcases.Register@478190fc]" started-at="2023-06-18T17:49:55 IST" name="registerWithValidCredintials" finished-at="2023-06-18T17:49:57 IST" duration-ms="1065" status="PASS">
          <reporter-output>
          </reporter-output>
        </test-method> <!-- registerWithValidCredintials -->
        <test-method is-config="true" signature="closeBrowser()[pri:0, instance:testcases.Register@478190fc]" started-at="2023-06-18T17:49:57 IST" name="closeBrowser" finished-at="2023-06-18T17:49:57 IST" duration-ms="140" status="PASS">
          <reporter-output>
          </reporter-output>
        </test-method> <!-- closeBrowser -->
        <test-method is-config="true" signature="open()[pri:0, instance:testcases.Register@478190fc]" started-at="2023-06-18T17:49:57 IST" name="open" finished-at="2023-06-18T17:49:59 IST" duration-ms="2779" status="PASS">
          <reporter-output>
          </reporter-output>
        </test-method> <!-- open -->
        <test-method signature="registerWithoutCredintials()[pri:2, instance:testcases.Register@478190fc]" started-at="2023-06-18T17:49:59 IST" name="registerWithoutCredintials" finished-at="2023-06-18T17:50:00 IST" duration-ms="287" status="PASS">
          <reporter-output>
          </reporter-output>
        </test-method> <!-- registerWithoutCredintials -->
        <test-method is-config="true" signature="closeBrowser()[pri:0, instance:testcases.Register@478190fc]" started-at="2023-06-18T17:50:00 IST" name="closeBrowser" finished-at="2023-06-18T17:50:00 IST" duration-ms="184" status="PASS">
          <reporter-output>
          </reporter-output>
        </test-method> <!-- closeBrowser -->
      </class> <!-- testcases.Register -->
    </test> <!-- Default test -->
  </suite> <!-- Default suite -->
</testng-results>
